Arguments: 
  C:\Program Files\nodejs\node.exe C:\Users\peter\AppData\Roaming\npm\node_modules\yarn\bin\yarn.js install

PATH: 
  C:\Program Files (x86)\Common Files\Oracle\Java\javapath;C:\Python39\Scripts\;C:\Python39\;C:\WINDOWS\system32;C:\WINDOWS;C:\WINDOWS\System32\Wbem;C:\WINDOWS\System32\WindowsPowerShell\v1.0\;C:\WINDOWS\System32\OpenSSH\;C:\Program Files\Git\cmd;C:\Program Files\nodejs\;C:\ProgramData\chocolatey\bin;C:\Users\peter\AppData\Local\Microsoft\WindowsApps;C:\Users\peter\AppData\Local\atom\bin;C:\Users\peter\AppData\Local\Programs\Microsoft VS Code\bin;C:\Program Files (x86)\GitHub CLI\;C:\Users\peter\AppData\Roaming\npm;C:\Users\peter\AppData\Local\Microsoft\WindowsApps;C:\Users\peter\AppData\Local\GitHubDesktop\bin

Yarn version: 
  1.22.10

Node version: 
  14.15.0

Platform: 
  win32 x64

Trace: 
  SyntaxError: C:\master\petervidaHU_masterwork\docs\package.json: Unexpected token { in JSON at position 171
      at JSON.parse (<anonymous>)
      at C:\Users\peter\AppData\Roaming\npm\node_modules\yarn\lib\cli.js:1625:59
      at Generator.next (<anonymous>)
      at step (C:\Users\peter\AppData\Roaming\npm\node_modules\yarn\lib\cli.js:310:30)
      at C:\Users\peter\AppData\Roaming\npm\node_modules\yarn\lib\cli.js:321:13

npm manifest: 
  {
    "name": "documentation",
    "version": "1.0.0",
    "description": "ducumentation of application",
    "main": "server.js",
    "author": "Vida Péter",
    "license": "MIT"
  }
  
  {
    "scripts": {
      "start": "nodemon src/index.js"
    },
    "dependencies": {
      "express": "^4.17.1",
      "swagger-ui-express": "^4.1.6",
      "yamljs": "^0.3.0"
    },
    "type": "module"
  }

yarn manifest: 
  No manifest

Lockfile: 
  No lockfile
